
Linux pinguin-hoelle-laptop 4.2.0-16-generic #19-Ubuntu SMP Thu Oct 8 15:35:06 UTC 2015 x86_64 x86_64 x86_64 GNU/Linux
@01 instances/CP/linking.cip ===========
So 1. Nov 16:21:36 CET 2015
So 1. Nov 16:21:36 CET 2015
Linux pinguin-hoelle-laptop 4.2.0-16-generic #19-Ubuntu SMP Thu Oct 8 15:35:06 UTC 2015 x86_64 x86_64 x86_64 GNU/Linux
@01 instances/CP/j301_2.cip ===========
So 1. Nov 16:21:36 CET 2015
So 1. Nov 16:21:36 CET 2015
Linux pinguin-hoelle-laptop 4.2.0-16-generic #19-Ubuntu SMP Thu Oct 8 15:35:06 UTC 2015 x86_64 x86_64 x86_64 GNU/Linux
@01 instances/CP/stein27_super.cip ===========
So 1. Nov 16:21:36 CET 2015
So 1. Nov 16:21:37 CET 2015
Linux pinguin-hoelle-laptop 4.2.0-16-generic #19-Ubuntu SMP Thu Oct 8 15:35:06 UTC 2015 x86_64 x86_64 x86_64 GNU/Linux
@01 instances/Indicator/mcf128-4-1.lp ===========
So 1. Nov 16:21:37 CET 2015
So 1. Nov 16:21:37 CET 2015
Linux pinguin-hoelle-laptop 4.2.0-16-generic #19-Ubuntu SMP Thu Oct 8 15:35:06 UTC 2015 x86_64 x86_64 x86_64 GNU/Linux
@01 instances/Indicator/mcf64-4-1.lp ===========
So 1. Nov 16:21:37 CET 2015
So 1. Nov 16:21:37 CET 2015
Linux pinguin-hoelle-laptop 4.2.0-16-generic #19-Ubuntu SMP Thu Oct 8 15:35:06 UTC 2015 x86_64 x86_64 x86_64 GNU/Linux
@01 instances/MIP/bell5.mps ===========
So 1. Nov 16:21:37 CET 2015
So 1. Nov 16:21:38 CET 2015
Linux pinguin-hoelle-laptop 4.2.0-16-generic #19-Ubuntu SMP Thu Oct 8 15:35:06 UTC 2015 x86_64 x86_64 x86_64 GNU/Linux
@01 instances/MIP/blend2.mps ===========
So 1. Nov 16:21:38 CET 2015
So 1. Nov 16:21:39 CET 2015
Linux pinguin-hoelle-laptop 4.2.0-16-generic #19-Ubuntu SMP Thu Oct 8 15:35:06 UTC 2015 x86_64 x86_64 x86_64 GNU/Linux
@01 instances/MIP/dcmulti.mps ===========
So 1. Nov 16:21:39 CET 2015
So 1. Nov 16:21:40 CET 2015
Linux pinguin-hoelle-laptop 4.2.0-16-generic #19-Ubuntu SMP Thu Oct 8 15:35:06 UTC 2015 x86_64 x86_64 x86_64 GNU/Linux
@01 instances/MIP/egout.mps ===========
So 1. Nov 16:21:40 CET 2015
So 1. Nov 16:21:40 CET 2015
Linux pinguin-hoelle-laptop 4.2.0-16-generic #19-Ubuntu SMP Thu Oct 8 15:35:06 UTC 2015 x86_64 x86_64 x86_64 GNU/Linux
@01 instances/MIP/enigma.mps ===========
So 1. Nov 16:21:41 CET 2015
So 1. Nov 16:21:41 CET 2015
Linux pinguin-hoelle-laptop 4.2.0-16-generic #19-Ubuntu SMP Thu Oct 8 15:35:06 UTC 2015 x86_64 x86_64 x86_64 GNU/Linux
@01 instances/MIP/flugpl.mps ===========
So 1. Nov 16:21:41 CET 2015
So 1. Nov 16:21:41 CET 2015
Linux pinguin-hoelle-laptop 4.2.0-16-generic #19-Ubuntu SMP Thu Oct 8 15:35:06 UTC 2015 x86_64 x86_64 x86_64 GNU/Linux
@01 instances/MIP/gt2.mps ===========
So 1. Nov 16:21:41 CET 2015
So 1. Nov 16:21:41 CET 2015
Linux pinguin-hoelle-laptop 4.2.0-16-generic #19-Ubuntu SMP Thu Oct 8 15:35:06 UTC 2015 x86_64 x86_64 x86_64 GNU/Linux
@01 instances/MIP/lseu.mps ===========
So 1. Nov 16:21:41 CET 2015
So 1. Nov 16:21:42 CET 2015
Linux pinguin-hoelle-laptop 4.2.0-16-generic #19-Ubuntu SMP Thu Oct 8 15:35:06 UTC 2015 x86_64 x86_64 x86_64 GNU/Linux
@01 instances/MIP/MANN_a9.clq.lp ===========
So 1. Nov 16:21:42 CET 2015
So 1. Nov 16:21:42 CET 2015
Linux pinguin-hoelle-laptop 4.2.0-16-generic #19-Ubuntu SMP Thu Oct 8 15:35:06 UTC 2015 x86_64 x86_64 x86_64 GNU/Linux
@01 instances/MIP/misc03.mps ===========
So 1. Nov 16:21:42 CET 2015
So 1. Nov 16:21:43 CET 2015
Linux pinguin-hoelle-laptop 4.2.0-16-generic #19-Ubuntu SMP Thu Oct 8 15:35:06 UTC 2015 x86_64 x86_64 x86_64 GNU/Linux
@01 instances/MIP/p0033.osil ===========
So 1. Nov 16:21:43 CET 2015
So 1. Nov 16:21:43 CET 2015
Linux pinguin-hoelle-laptop 4.2.0-16-generic #19-Ubuntu SMP Thu Oct 8 15:35:06 UTC 2015 x86_64 x86_64 x86_64 GNU/Linux
@01 instances/MIP/p0548.mps ===========
So 1. Nov 16:21:43 CET 2015
So 1. Nov 16:21:44 CET 2015
Linux pinguin-hoelle-laptop 4.2.0-16-generic #19-Ubuntu SMP Thu Oct 8 15:35:06 UTC 2015 x86_64 x86_64 x86_64 GNU/Linux
@01 instances/MIP/rgn.mps ===========
So 1. Nov 16:21:44 CET 2015
So 1. Nov 16:21:44 CET 2015
Linux pinguin-hoelle-laptop 4.2.0-16-generic #19-Ubuntu SMP Thu Oct 8 15:35:06 UTC 2015 x86_64 x86_64 x86_64 GNU/Linux
@01 instances/MIP/stein27.fzn ===========
So 1. Nov 16:21:44 CET 2015
So 1. Nov 16:21:45 CET 2015
Linux pinguin-hoelle-laptop 4.2.0-16-generic #19-Ubuntu SMP Thu Oct 8 15:35:06 UTC 2015 x86_64 x86_64 x86_64 GNU/Linux
@01 instances/MIP/stein27_inf.lp ===========
So 1. Nov 16:21:45 CET 2015
So 1. Nov 16:21:45 CET 2015
Linux pinguin-hoelle-laptop 4.2.0-16-generic #19-Ubuntu SMP Thu Oct 8 15:35:06 UTC 2015 x86_64 x86_64 x86_64 GNU/Linux
@01 instances/MIP/vpm2.fzn ===========
So 1. Nov 16:21:45 CET 2015
So 1. Nov 16:21:46 CET 2015
Linux pinguin-hoelle-laptop 4.2.0-16-generic #19-Ubuntu SMP Thu Oct 8 15:35:06 UTC 2015 x86_64 x86_64 x86_64 GNU/Linux
@01 instances/MINLP/bip_cross_min.10.10.10.1.pip ===========
So 1. Nov 16:21:47 CET 2015
So 1. Nov 16:21:47 CET 2015
Linux pinguin-hoelle-laptop 4.2.0-16-generic #19-Ubuntu SMP Thu Oct 8 15:35:06 UTC 2015 x86_64 x86_64 x86_64 GNU/Linux
@01 instances/MINLP/circle.cip ===========
So 1. Nov 16:21:47 CET 2015
So 1. Nov 16:21:47 CET 2015
Linux pinguin-hoelle-laptop 4.2.0-16-generic #19-Ubuntu SMP Thu Oct 8 15:35:06 UTC 2015 x86_64 x86_64 x86_64 GNU/Linux
@01 instances/MINLP/ex1266.mps ===========
So 1. Nov 16:21:47 CET 2015
So 1. Nov 16:21:47 CET 2015
Linux pinguin-hoelle-laptop 4.2.0-16-generic #19-Ubuntu SMP Thu Oct 8 15:35:06 UTC 2015 x86_64 x86_64 x86_64 GNU/Linux
@01 instances/MINLP/gastrans.cip ===========
So 1. Nov 16:21:47 CET 2015
So 1. Nov 16:21:48 CET 2015
Linux pinguin-hoelle-laptop 4.2.0-16-generic #19-Ubuntu SMP Thu Oct 8 15:35:06 UTC 2015 x86_64 x86_64 x86_64 GNU/Linux
@01 instances/MINLP/m3.osil ===========
So 1. Nov 16:21:48 CET 2015
So 1. Nov 16:21:48 CET 2015
Linux pinguin-hoelle-laptop 4.2.0-16-generic #19-Ubuntu SMP Thu Oct 8 15:35:06 UTC 2015 x86_64 x86_64 x86_64 GNU/Linux
@01 instances/MINLP/parincQuadratic.osil ===========
So 1. Nov 16:21:48 CET 2015
So 1. Nov 16:21:48 CET 2015
Linux pinguin-hoelle-laptop 4.2.0-16-generic #19-Ubuntu SMP Thu Oct 8 15:35:06 UTC 2015 x86_64 x86_64 x86_64 GNU/Linux
@01 instances/MINLP/tltr.mps ===========
So 1. Nov 16:21:48 CET 2015
So 1. Nov 16:21:48 CET 2015
Linux pinguin-hoelle-laptop 4.2.0-16-generic #19-Ubuntu SMP Thu Oct 8 15:35:06 UTC 2015 x86_64 x86_64 x86_64 GNU/Linux
@01 instances/PseudoBoolean/factor-mod-size=9-P0=67-P1=349-P2=67-P3=499-P4=79-P5=347-P6=307-B.opb ===========
So 1. Nov 16:21:48 CET 2015
So 1. Nov 16:21:48 CET 2015
Linux pinguin-hoelle-laptop 4.2.0-16-generic #19-Ubuntu SMP Thu Oct 8 15:35:06 UTC 2015 x86_64 x86_64 x86_64 GNU/Linux
@01 instances/PseudoBoolean/normalized-bsg_10_4_5.opb ===========
So 1. Nov 16:21:48 CET 2015
So 1. Nov 16:21:48 CET 2015
Linux pinguin-hoelle-laptop 4.2.0-16-generic #19-Ubuntu SMP Thu Oct 8 15:35:06 UTC 2015 x86_64 x86_64 x86_64 GNU/Linux
@01 instances/PseudoBoolean/normalized-mds_10_4_3.opb ===========
So 1. Nov 16:21:48 CET 2015
So 1. Nov 16:21:49 CET 2015
Linux pinguin-hoelle-laptop 4.2.0-16-generic #19-Ubuntu SMP Thu Oct 8 15:35:06 UTC 2015 x86_64 x86_64 x86_64 GNU/Linux
@01 instances/PseudoBoolean/normalized-mds_50_25_5.opb ===========
So 1. Nov 16:21:49 CET 2015
So 1. Nov 16:21:49 CET 2015
Linux pinguin-hoelle-laptop 4.2.0-16-generic #19-Ubuntu SMP Thu Oct 8 15:35:06 UTC 2015 x86_64 x86_64 x86_64 GNU/Linux
@01 instances/PseudoBoolean/normalized-t2001.13queen13.1111218308.opb ===========
So 1. Nov 16:21:49 CET 2015
So 1. Nov 16:21:50 CET 2015
Linux pinguin-hoelle-laptop 4.2.0-16-generic #19-Ubuntu SMP Thu Oct 8 15:35:06 UTC 2015 x86_64 x86_64 x86_64 GNU/Linux
@01 instances/PseudoBoolean/normalized-t2001.13queen13.1110976730--soft-33-100-0.wbo ===========
So 1. Nov 16:21:50 CET 2015
So 1. Nov 16:21:51 CET 2015
Linux pinguin-hoelle-laptop 4.2.0-16-generic #19-Ubuntu SMP Thu Oct 8 15:35:06 UTC 2015 x86_64 x86_64 x86_64 GNU/Linux
@01 instances/PseudoBoolean/wheel010.lap.opb.pre.cip ===========
So 1. Nov 16:21:51 CET 2015
So 1. Nov 16:21:54 CET 2015
Linux pinguin-hoelle-laptop 4.2.0-16-generic #19-Ubuntu SMP Thu Oct 8 15:35:06 UTC 2015 x86_64 x86_64 x86_64 GNU/Linux
@01 instances/Semicontinuous/meanvarxsc.lp ===========
So 1. Nov 16:21:54 CET 2015
So 1. Nov 16:21:55 CET 2015
Linux pinguin-hoelle-laptop 4.2.0-16-generic #19-Ubuntu SMP Thu Oct 8 15:35:06 UTC 2015 x86_64 x86_64 x86_64 GNU/Linux
@01 instances/Semicontinuous/semicon1.mps ===========
So 1. Nov 16:21:55 CET 2015
So 1. Nov 16:21:55 CET 2015
Linux pinguin-hoelle-laptop 4.2.0-16-generic #19-Ubuntu SMP Thu Oct 8 15:35:06 UTC 2015 x86_64 x86_64 x86_64 GNU/Linux
@01 instances/SAT/bart10.shuffled.cnf ===========
So 1. Nov 16:21:55 CET 2015
So 1. Nov 16:21:55 CET 2015
Linux pinguin-hoelle-laptop 4.2.0-16-generic #19-Ubuntu SMP Thu Oct 8 15:35:06 UTC 2015 x86_64 x86_64 x86_64 GNU/Linux
@01 instances/SOS/findRoot.lp ===========
So 1. Nov 16:21:55 CET 2015
So 1. Nov 16:21:55 CET 2015
Linux pinguin-hoelle-laptop 4.2.0-16-generic #19-Ubuntu SMP Thu Oct 8 15:35:06 UTC 2015 x86_64 x86_64 x86_64 GNU/Linux
@01 instances/SOS/pcu_0.01.lp ===========
So 1. Nov 16:21:55 CET 2015
So 1. Nov 16:21:56 CET 2015
Linux pinguin-hoelle-laptop 4.2.0-16-generic #19-Ubuntu SMP Thu Oct 8 15:35:06 UTC 2015 x86_64 x86_64 x86_64 GNU/Linux
@01 instances/SOS/pcu_0.1.lp ===========
So 1. Nov 16:21:56 CET 2015
So 1. Nov 16:21:57 CET 2015
Linux pinguin-hoelle-laptop 4.2.0-16-generic #19-Ubuntu SMP Thu Oct 8 15:35:06 UTC 2015 x86_64 x86_64 x86_64 GNU/Linux
@01 instances/SOS/sparse2.lp ===========
So 1. Nov 16:21:57 CET 2015
So 1. Nov 16:22:01 CET 2015
Linux pinguin-hoelle-laptop 4.2.0-16-generic #19-Ubuntu SMP Thu Oct 8 15:35:06 UTC 2015 x86_64 x86_64 x86_64 GNU/Linux
@01 instances/Orbitope/packorb_1-FullIns_3.cip ===========
So 1. Nov 16:22:01 CET 2015
So 1. Nov 16:22:01 CET 2015
Linux pinguin-hoelle-laptop 4.2.0-16-generic #19-Ubuntu SMP Thu Oct 8 15:35:06 UTC 2015 x86_64 x86_64 x86_64 GNU/Linux
@01 instances/Orbitope/partorb_1-FullIns_3.cip ===========
So 1. Nov 16:22:01 CET 2015
So 1. Nov 16:22:02 CET 2015
Linux pinguin-hoelle-laptop 4.2.0-16-generic #19-Ubuntu SMP Thu Oct 8 15:35:06 UTC 2015 x86_64 x86_64 x86_64 GNU/Linux
@01 instances/CP/disj_conj_rail.cip ===========
So 1. Nov 16:22:02 CET 2015
So 1. Nov 16:22:02 CET 2015
